<?xml version="1.0" encoding="UTF-8" ?>
<testsuites>

  <testsuite name="Fast Utilities tests When working with hashes" errors="0" tests="3" failures="0" time="0.005" timestamp="2013-09-05T18:57:29.308Z">
    
      <testcase assertions="2" classname="Fast Utilities tests When working with hashes" name="should turn a hash into an array" time="0.002">
        
      </testcase>
    
      <testcase assertions="3" classname="Fast Utilities tests When working with hashes" name="should turn a hash of mixed types into an array" time="0">
        
      </testcase>
    
      <testcase assertions="3" classname="Fast Utilities tests When working with hashes" name="should turn a top node into an ordered array" time="0">
        
      </testcase>
    
  </testsuite>

</testsuites>